#
# A fatal error has been detected by the Java Runtime Environment:
#
#  EXCEPTION_ACCESS_VIOLATION (0xc0000005) at pc=0x00007ff87bde03cb, pid=17328, tid=17280
#
# JRE version: Java(TM) SE Runtime Environment (12.0.1+12) (build 12.0.1+12)
# Java VM: Java HotSpot(TM) 64-Bit Server VM (12.0.1+12, mixed mode, sharing, tiered, compressed oops, g1 gc, windows-amd64)
# Problematic frame:
# V  [jvm.dll+0x6c03cb]
#
# No core dump will be written. Minidumps are not enabled by default on client versions of Windows
#
# If you would like to submit a bug report, please visit:
#   http://bugreport.java.com/bugreport/crash.jsp
#

---------------  S U M M A R Y ------------

Command Line: -agentlib:jdwp=transport=dt_socket,suspend=y,address=localhost:60823 -ea -Dfile.encoding=Cp1252 org.testng.remote.RemoteTestNG -serport 60822 -protocol json -d C:\Users\Danh Phan\eclipse-workspace\test-fiato\testing\test-output C:\Users\DANHPH~1\AppData\Local\Temp\testng-eclipse-97350782\testng-customsuite.xml

Host: Intel(R) Core(TM) i7-7700 CPU @ 3.60GHz, 8 cores, 15G,  Windows 10 , 64 bit Build 17134 (10.0.17134.706)
Time: Tue Apr 23 12:03:26 2019 SE Asia Standard Time elapsed time: 1003 seconds (0d 0h 16m 43s)

---------------  T H R E A D  ---------------

Current thread (0x000002899fcfc000):  VMThread "VM Thread" [stack: 0x000000dae0400000,0x000000dae0500000] [id=17280]

Stack: [0x000000dae0400000,0x000000dae0500000],  sp=0x000000dae04fecf0,  free space=1019k
Native frames: (J=compiled Java code, j=interpreted, Vv=VM code, C=native code)
V  [jvm.dll+0x6c03cb]
V  [jvm.dll+0x34d3d3]
V  [jvm.dll+0x34f30f]
V  [jvm.dll+0x34fb6e]
V  [jvm.dll+0x34d07c]
V  [jvm.dll+0x34c2b2]
V  [jvm.dll+0x628425]
V  [jvm.dll+0x6281ad]
V  [jvm.dll+0x5ef77a]
V  [jvm.dll+0x504387]
V  [jvm.dll+0x78dccc]
V  [jvm.dll+0x791b27]
V  [jvm.dll+0x792366]
V  [jvm.dll+0x792697]
V  [jvm.dll+0x748648]
V  [jvm.dll+0x638566]
C  [ucrtbase.dll+0x1e3fe]
C  [KERNEL32.DLL+0x14034]
C  [ntdll.dll+0x73691]


siginfo: EXCEPTION_ACCESS_VIOLATION (0xc0000005), reading address 0x0000000000000006


Register to memory mapping:

RIP=0x00007ff87bde03cb jvm.dll
RAX=0x000000dae04fed80 points into unknown readable memory: 00 00 00 00 00 00 00 00
RBX=0x000000dae04fed50 points into unknown readable memory: 70 e1 fb 7b f8 7f 00 00
RCX=0x0 is NULL
RDX=0x0 is NULL
RSP=0x000000dae04fecf0 points into unknown readable memory: 50 ed 4f e0 da 00 00 00
RBP=0x000000dae04ff260 points into unknown readable memory: 38 37 ce 9f 89 02 00 00
RSI=0x0 is NULL
RDI=0x0 is NULL
R8 =0x0 is NULL
R9 =0x00000289a01e2ad8 is pointing into metadata
R10=0x00007ff87b720000 jvm.dll
R11={method} {0x00000289a01e3540} 'aclickLogin' '()V' in 'fiato/testing/AppTest'
R12=0x000002899fce3470 points into unknown readable memory: 00 90 ff 7b 32 00 00 00
R13=0x0000000000000050 is an unknown value
R14=0x00000289a01e344c is pointing into metadata
R15=0x0000000000000053 is an unknown value


Registers:
RAX=0x000000dae04fed80, RBX=0x000000dae04fed50, RCX=0x0000000000000000, RDX=0x0000000000000000
RSP=0x000000dae04fecf0, RBP=0x000000dae04ff260, RSI=0x0000000000000000, RDI=0x0000000000000000
R8 =0x0000000000000000, R9 =0x00000289a01e2ad8, R10=0x00007ff87b720000, R11=0x00000289a01e3538
R12=0x000002899fce3470, R13=0x0000000000000050, R14=0x00000289a01e344c, R15=0x0000000000000053
RIP=0x00007ff87bde03cb, EFLAGS=0x0000000000010246

Top of Stack: (sp=0x000000dae04fecf0)
0x000000dae04fecf0:   000000dae04fed50 2fffffff2fffffff
0x000000dae04fed00:   4fffffff2fffffff 00007ff87bde0903
0x000000dae04fed10:   0000000000000001 00007ff87ba6d3d3
0x000000dae04fed20:   0000000000000000 000000dae04ff3d0
0x000000dae04fed30:   000000000000009b 00000289a016c975
0x000000dae04fed40:   00007ff87b720000 ffffffffffffffff
0x000000dae04fed50:   00007ff87bfbe170 0000000000000000
0x000000dae04fed60:   0000000000000000 00007ff80000000e
0x000000dae04fed70:   000000dae04fed80 000000da00000000
0x000000dae04fed80:   0000000000000000 000000dae04ff398
0x000000dae04fed90:   4fffffff4fffffff 00007ff8ba8b349a
0x000000dae04feda0:   000000dae04fef30 0000000000000000
0x000000dae04fedb0:   000000dae04fef58 4fffffff0000000e
0x000000dae04fedc0:   0000000000000006 00007ff8ba8b3bf5
0x000000dae04fedd0:   000000dae04fef30 00007ff87bde0903
0x000000dae04fede0:   000045b40791cb37 2fffffff4fffffff 

Instructions: (pc=0x00007ff87bde03cb)
0x00007ff87bde03ab:   cc cc cc cc cc 40 53 48 83 ec 20 c7 41 10 00 00
0x00007ff87bde03bb:   00 00 48 8b d9 48 89 7c 24 38 48 8b 79 08 33 c9
0x00007ff87bde03cb:   80 7f 06 28 74 26 44 8d 49 28 8d 51 35 48 8d 0d
0x00007ff87bde03db:   01 bf 22 00 4c 8d 05 ea be 22 00 e8 65 1a ba ff 


Stack slot to memory mapping:
stack at sp + 0 slots: 0x000000dae04fed50 points into unknown readable memory: 70 e1 fb 7b f8 7f 00 00
stack at sp + 1 slots: 0x2fffffff2fffffff is an unknown value
stack at sp + 2 slots: 0x4fffffff2fffffff is an unknown value
stack at sp + 3 slots: 0x00007ff87bde0903 jvm.dll
stack at sp + 4 slots: 0x0000000000000001 is an unknown value
stack at sp + 5 slots: 0x00007ff87ba6d3d3 jvm.dll
stack at sp + 6 slots: 0x0 is NULL
stack at sp + 7 slots: 0x000000dae04ff3d0 points into unknown readable memory: 58 b4 ff 7b f8 7f 00 00

VM_Operation (0x000000dae0cff0d0): GetOrSetLocal, mode: safepoint, requested by thread 0x00000289a075e800


---------------  P R O C E S S  ---------------

Threads class SMR info:
_java_thread_list=0x00000289a08b86c0, length=16, elements={
0x00000289fc1f3000, 0x000002899fcfe000, 0x000002899fcff800, 0x000002899fd1c000,
0x00000289a05ac800, 0x00000289a05b1000, 0x00000289a05bd000, 0x00000289a05be800,
0x00000289a075e800, 0x00000289a0761800, 0x00000289a0762000, 0x00000289a0764000,
0x00000289a0766800, 0x00000289a0e99000, 0x00000289a1658000, 0x00000289a1647800
}

Java Threads: ( => current thread )
  0x00000289fc1f3000 JavaThread "main" [_thread_blocked, id=12100, stack(0x000000dadfe00000,0x000000dadff00000)]
  0x000002899fcfe000 JavaThread "Reference Handler" daemon [_thread_blocked, id=13080, stack(0x000000dae0500000,0x000000dae0600000)]
  0x000002899fcff800 JavaThread "Finalizer" daemon [_thread_blocked, id=27872, stack(0x000000dae0600000,0x000000dae0700000)]
  0x000002899fd1c000 JavaThread "Signal Dispatcher" daemon [_thread_blocked, id=25580, stack(0x000000dae0700000,0x000000dae0800000)]
  0x00000289a05ac800 JavaThread "Attach Listener" daemon [_thread_blocked, id=16304, stack(0x000000dae0800000,0x000000dae0900000)]
  0x00000289a05b1000 JavaThread "C2 CompilerThread0" daemon [_thread_blocked, id=18824, stack(0x000000dae0900000,0x000000dae0a00000)]
  0x00000289a05bd000 JavaThread "C1 CompilerThread0" daemon [_thread_blocked, id=3024, stack(0x000000dae0a00000,0x000000dae0b00000)]
  0x00000289a05be800 JavaThread "Sweeper thread" daemon [_thread_blocked, id=5728, stack(0x000000dae0b00000,0x000000dae0c00000)]
  0x00000289a075e800 JavaThread "JDWP Transport Listener: dt_socket" daemon [_thread_blocked, id=28628, stack(0x000000dae0c00000,0x000000dae0d00000)] _threads_hazard_ptr=0x00000289a08b86c0
  0x00000289a0761800 JavaThread "JDWP Event Helper Thread" daemon [_thread_blocked, id=9052, stack(0x000000dae0d00000,0x000000dae0e00000)]
  0x00000289a0762000 JavaThread "JDWP Command Reader" daemon [_thread_in_native, id=12108, stack(0x000000dae0e00000,0x000000dae0f00000)]
  0x00000289a0764000 JavaThread "Service Thread" daemon [_thread_blocked, id=23532, stack(0x000000dae0f00000,0x000000dae1000000)]
  0x00000289a0766800 JavaThread "Common-Cleaner" daemon [_thread_blocked, id=25844, stack(0x000000dae1100000,0x000000dae1200000)]
  0x00000289a0e99000 JavaThread "ReaderThread" [_thread_in_native, id=26712, stack(0x000000dae1300000,0x000000dae1400000)]
  0x00000289a1658000 JavaThread "ForkJoinPool.commonPool-worker-5" daemon [_thread_blocked, id=8888, stack(0x000000dae1c00000,0x000000dae1d00000)]
  0x00000289a1647800 JavaThread "Okio Watchdog" daemon [_thread_blocked, id=8616, stack(0x000000dae1f00000,0x000000dae2000000)]

Other Threads:
=>0x000002899fcfc000 VMThread "VM Thread" [stack: 0x000000dae0400000,0x000000dae0500000] [id=17280]
  0x00000289a0768000 WatcherThread [stack: 0x000000dae1000000,0x000000dae1100000] [id=10780]
  0x00000289fc256000 GCTaskThread "GC Thread#0" [stack: 0x000000dadff00000,0x000000dae0000000] [id=26216]
  0x00000289a1620800 GCTaskThread "GC Thread#1" [stack: 0x000000dae1500000,0x000000dae1600000] [id=25396]
  0x00000289a1621800 GCTaskThread "GC Thread#2" [stack: 0x000000dae1600000,0x000000dae1700000] [id=2240]
  0x00000289a1609800 GCTaskThread "GC Thread#3" [stack: 0x000000dae1700000,0x000000dae1800000] [id=25760]
  0x00000289a160a000 GCTaskThread "GC Thread#4" [stack: 0x000000dae1800000,0x000000dae1900000] [id=24152]
  0x00000289a160a800 GCTaskThread "GC Thread#5" [stack: 0x000000dae1900000,0x000000dae1a00000] [id=24872]
  0x00000289fc270800 ConcurrentGCThread "G1 Main Marker" [stack: 0x000000dae0000000,0x000000dae0100000] [id=28036]
  0x00000289fc275000 ConcurrentGCThread "G1 Conc#0" [stack: 0x000000dae0100000,0x000000dae0200000] [id=23264]
  0x000002899fbf8800 ConcurrentGCThread "G1 Refine#0" [stack: 0x000000dae0200000,0x000000dae0300000] [id=23104]
  0x00000289a0813000 ConcurrentGCThread "G1 Refine#1" [stack: 0x000000dae1a00000,0x000000dae1b00000] [id=12316]
  0x000002899fbf9000 ConcurrentGCThread "G1 Young RemSet Sampling" [stack: 0x000000dae0300000,0x000000dae0400000] [id=25708]

Threads with active compile tasks:

VM state:at safepoint (normal execution)

VM Mutex/Monitor currently owned by a thread:  ([mutex/lock_event])
[0x00000289fc1f0f60] Threads_lock - owner thread: 0x000002899fcfc000

Heap address: 0x0000000701400000, size: 4076 MB, Compressed Oops mode: Zero based, Oop shift amount: 3
Narrow klass base: 0x0000000800000000, Narrow klass shift: 3
Compressed class space size: 1073741824 Address: 0x00000008011a0000

Heap:
 garbage-first heap   total 262144K, used 10156K [0x0000000701400000, 0x0000000800000000)
  region size 1024K, 6 young (6144K), 2 survivors (2048K)
 Metaspace       used 13854K, capacity 14406K, committed 14464K, reserved 1062912K
  class space    used 1673K, capacity 1866K, committed 1920K, reserved 1048576K
Heap Regions: E=young(eden), S=young(survivor), O=old, HS=humongous(starts), HC=humongous(continues), CS=collection set, F=free, A=archive, TAMS=top-at-mark-start (previous, next)
|   0|0x0000000701400000, 0x0000000701500000, 0x0000000701500000|100%| O|  |TAMS 0x0000000701400000, 0x0000000701400000| Untracked 
|   1|0x0000000701500000, 0x0000000701600000, 0x0000000701600000|100%| O|  |TAMS 0x0000000701500000, 0x0000000701500000| Untracked 
|   2|0x0000000701600000, 0x0000000701700000, 0x0000000701700000|100%| O|  |TAMS 0x0000000701600000, 0x0000000701600000| Untracked 
|   3|0x0000000701700000, 0x0000000701800000, 0x0000000701800000|100%| O|  |TAMS 0x0000000701700000, 0x0000000701700000| Untracked 
|   4|0x0000000701800000, 0x0000000701900000, 0x0000000701900000|100%| O|  |TAMS 0x0000000701800000, 0x0000000701800000| Untracked 
|   5|0x0000000701900000, 0x000000070191a600, 0x0000000701a00000| 10%| O|  |TAMS 0x0000000701900000, 0x0000000701900000| Untracked 
|   6|0x0000000701a00000, 0x0000000701a00000, 0x0000000701b00000|  0%| F|  |TAMS 0x0000000701a00000, 0x0000000701a00000| Untracked 
|   7|0x0000000701b00000, 0x0000000701b00000, 0x0000000701c00000|  0%| F|  |TAMS 0x0000000701b00000, 0x0000000701b00000| Untracked 
|   8|0x0000000701c00000, 0x0000000701c00000, 0x0000000701d00000|  0%| F|  |TAMS 0x0000000701c00000, 0x0000000701c00000| Untracked 
|   9|0x0000000701d00000, 0x0000000701d00000, 0x0000000701e00000|  0%| F|  |TAMS 0x0000000701d00000, 0x0000000701d00000| Untracked 
|  10|0x0000000701e00000, 0x0000000701e00000, 0x0000000701f00000|  0%| F|  |TAMS 0x0000000701e00000, 0x0000000701e00000| Untracked 
|  11|0x0000000701f00000, 0x0000000701f00000, 0x0000000702000000|  0%| F|  |TAMS 0x0000000701f00000, 0x0000000701f00000| Untracked 
|  12|0x0000000702000000, 0x0000000702000000, 0x0000000702100000|  0%| F|  |TAMS 0x0000000702000000, 0x0000000702000000| Untracked 
|  13|0x0000000702100000, 0x0000000702100000, 0x0000000702200000|  0%| F|  |TAMS 0x0000000702100000, 0x0000000702100000| Untracked 
|  14|0x0000000702200000, 0x0000000702200000, 0x0000000702300000|  0%| F|  |TAMS 0x0000000702200000, 0x0000000702200000| Untracked 
|  15|0x0000000702300000, 0x0000000702300000, 0x0000000702400000|  0%| F|  |TAMS 0x0000000702300000, 0x0000000702300000| Untracked 
|  16|0x0000000702400000, 0x0000000702400000, 0x0000000702500000|  0%| F|  |TAMS 0x0000000702400000, 0x0000000702400000| Untracked 
|  17|0x0000000702500000, 0x0000000702500000, 0x0000000702600000|  0%| F|  |TAMS 0x0000000702500000, 0x0000000702500000| Untracked 
|  18|0x0000000702600000, 0x0000000702600000, 0x0000000702700000|  0%| F|  |TAMS 0x0000000702600000, 0x0000000702600000| Untracked 
|  19|0x0000000702700000, 0x0000000702700000, 0x0000000702800000|  0%| F|  |TAMS 0x0000000702700000, 0x0000000702700000| Untracked 
|  20|0x0000000702800000, 0x0000000702800000, 0x0000000702900000|  0%| F|  |TAMS 0x0000000702800000, 0x0000000702800000| Untracked 
|  21|0x0000000702900000, 0x0000000702900000, 0x0000000702a00000|  0%| F|  |TAMS 0x0000000702900000, 0x0000000702900000| Untracked 
|  22|0x0000000702a00000, 0x0000000702a00000, 0x0000000702b00000|  0%| F|  |TAMS 0x0000000702a00000, 0x0000000702a00000| Untracked 
|  23|0x0000000702b00000, 0x0000000702b00000, 0x0000000702c00000|  0%| F|  |TAMS 0x0000000702b00000, 0x0000000702b00000| Untracked 
|  24|0x0000000702c00000, 0x0000000702c00000, 0x0000000702d00000|  0%| F|  |TAMS 0x0000000702c00000, 0x0000000702c00000| Untracked 
|  25|0x0000000702d00000, 0x0000000702d00000, 0x0000000702e00000|  0%| F|  |TAMS 0x0000000702d00000, 0x0000000702d00000| Untracked 
|  26|0x0000000702e00000, 0x0000000702e00000, 0x0000000702f00000|  0%| F|  |TAMS 0x0000000702e00000, 0x0000000702e00000| Untracked 
|  27|0x0000000702f00000, 0x0000000702f00000, 0x0000000703000000|  0%| F|  |TAMS 0x0000000702f00000, 0x0000000702f00000| Untracked 
|  28|0x0000000703000000, 0x0000000703000000, 0x0000000703100000|  0%| F|  |TAMS 0x0000000703000000, 0x0000000703000000| Untracked 
|  29|0x0000000703100000, 0x0000000703100000, 0x0000000703200000|  0%| F|  |TAMS 0x0000000703100000, 0x0000000703100000| Untracked 
|  30|0x0000000703200000, 0x0000000703200000, 0x0000000703300000|  0%| F|  |TAMS 0x0000000703200000, 0x0000000703200000| Untracked 
|  31|0x0000000703300000, 0x0000000703300000, 0x0000000703400000|  0%| F|  |TAMS 0x0000000703300000, 0x0000000703300000| Untracked 
|  32|0x0000000703400000, 0x0000000703400000, 0x0000000703500000|  0%| F|  |TAMS 0x0000000703400000, 0x0000000703400000| Untracked 
|  33|0x0000000703500000, 0x0000000703500000, 0x0000000703600000|  0%| F|  |TAMS 0x0000000703500000, 0x0000000703500000| Untracked 
|  34|0x0000000703600000, 0x0000000703600000, 0x0000000703700000|  0%| F|  |TAMS 0x0000000703600000, 0x0000000703600000| Untracked 
|  35|0x0000000703700000, 0x0000000703700000, 0x0000000703800000|  0%| F|  |TAMS 0x0000000703700000, 0x0000000703700000| Untracked 
|  36|0x0000000703800000, 0x0000000703800000, 0x0000000703900000|  0%| F|  |TAMS 0x0000000703800000, 0x0000000703800000| Untracked 
|  37|0x0000000703900000, 0x0000000703900000, 0x0000000703a00000|  0%| F|  |TAMS 0x0000000703900000, 0x0000000703900000| Untracked 
|  38|0x0000000703a00000, 0x0000000703a00000, 0x0000000703b00000|  0%| F|  |TAMS 0x0000000703a00000, 0x0000000703a00000| Untracked 
|  39|0x0000000703b00000, 0x0000000703b00000, 0x0000000703c00000|  0%| F|  |TAMS 0x0000000703b00000, 0x0000000703b00000| Untracked 
|  40|0x0000000703c00000, 0x0000000703c00000, 0x0000000703d00000|  0%| F|  |TAMS 0x0000000703c00000, 0x0000000703c00000| Untracked 
|  41|0x0000000703d00000, 0x0000000703d00000, 0x0000000703e00000|  0%| F|  |TAMS 0x0000000703d00000, 0x0000000703d00000| Untracked 
|  42|0x0000000703e00000, 0x0000000703e00000, 0x0000000703f00000|  0%| F|  |TAMS 0x0000000703e00000, 0x0000000703e00000| Untracked 
|  43|0x0000000703f00000, 0x0000000703f00000, 0x0000000704000000|  0%| F|  |TAMS 0x0000000703f00000, 0x0000000703f00000| Untracked 
|  44|0x0000000704000000, 0x0000000704000000, 0x0000000704100000|  0%| F|  |TAMS 0x0000000704000000, 0x0000000704000000| Untracked 
|  45|0x0000000704100000, 0x0000000704100000, 0x0000000704200000|  0%| F|  |TAMS 0x0000000704100000, 0x0000000704100000| Untracked 
|  46|0x0000000704200000, 0x0000000704200000, 0x0000000704300000|  0%| F|  |TAMS 0x0000000704200000, 0x0000000704200000| Untracked 
|  47|0x0000000704300000, 0x0000000704300000, 0x0000000704400000|  0%| F|  |TAMS 0x0000000704300000, 0x0000000704300000| Untracked 
|  48|0x0000000704400000, 0x0000000704400000, 0x0000000704500000|  0%| F|  |TAMS 0x0000000704400000, 0x0000000704400000| Untracked 
|  49|0x0000000704500000, 0x0000000704500000, 0x0000000704600000|  0%| F|  |TAMS 0x0000000704500000, 0x0000000704500000| Untracked 
|  50|0x0000000704600000, 0x0000000704600000, 0x0000000704700000|  0%| F|  |TAMS 0x0000000704600000, 0x0000000704600000| Untracked 
|  51|0x0000000704700000, 0x0000000704700000, 0x0000000704800000|  0%| F|  |TAMS 0x0000000704700000, 0x0000000704700000| Untracked 
|  52|0x0000000704800000, 0x0000000704800000, 0x0000000704900000|  0%| F|  |TAMS 0x0000000704800000, 0x0000000704800000| Untracked 
|  53|0x0000000704900000, 0x0000000704900000, 0x0000000704a00000|  0%| F|  |TAMS 0x0000000704900000, 0x0000000704900000| Untracked 
|  54|0x0000000704a00000, 0x0000000704a00000, 0x0000000704b00000|  0%| F|  |TAMS 0x0000000704a00000, 0x0000000704a00000| Untracked 
|  55|0x0000000704b00000, 0x0000000704b00000, 0x0000000704c00000|  0%| F|  |TAMS 0x0000000704b00000, 0x0000000704b00000| Untracked 
|  56|0x0000000704c00000, 0x0000000704c00000, 0x0000000704d00000|  0%| F|  |TAMS 0x0000000704c00000, 0x0000000704c00000| Untracked 
|  57|0x0000000704d00000, 0x0000000704d00000, 0x0000000704e00000|  0%| F|  |TAMS 0x0000000704d00000, 0x0000000704d00000| Untracked 
|  58|0x0000000704e00000, 0x0000000704e00000, 0x0000000704f00000|  0%| F|  |TAMS 0x0000000704e00000, 0x0000000704e00000| Untracked 
|  59|0x0000000704f00000, 0x0000000704f00000, 0x0000000705000000|  0%| F|  |TAMS 0x0000000704f00000, 0x0000000704f00000| Untracked 
|  60|0x0000000705000000, 0x0000000705000000, 0x0000000705100000|  0%| F|  |TAMS 0x0000000705000000, 0x0000000705000000| Untracked 
|  61|0x0000000705100000, 0x0000000705100000, 0x0000000705200000|  0%| F|  |TAMS 0x0000000705100000, 0x0000000705100000| Untracked 
|  62|0x0000000705200000, 0x0000000705200000, 0x0000000705300000|  0%| F|  |TAMS 0x0000000705200000, 0x0000000705200000| Untracked 
|  63|0x0000000705300000, 0x0000000705300000, 0x0000000705400000|  0%| F|  |TAMS 0x0000000705300000, 0x0000000705300000| Untracked 
|  64|0x0000000705400000, 0x0000000705400000, 0x0000000705500000|  0%| F|  |TAMS 0x0000000705400000, 0x0000000705400000| Untracked 
|  65|0x0000000705500000, 0x0000000705500000, 0x0000000705600000|  0%| F|  |TAMS 0x0000000705500000, 0x0000000705500000| Untracked 
|  66|0x0000000705600000, 0x0000000705600000, 0x0000000705700000|  0%| F|  |TAMS 0x0000000705600000, 0x0000000705600000| Untracked 
|  67|0x0000000705700000, 0x0000000705700000, 0x0000000705800000|  0%| F|  |TAMS 0x0000000705700000, 0x0000000705700000| Untracked 
|  68|0x0000000705800000, 0x0000000705800000, 0x0000000705900000|  0%| F|  |TAMS 0x0000000705800000, 0x0000000705800000| Untracked 
|  69|0x0000000705900000, 0x0000000705900000, 0x0000000705a00000|  0%| F|  |TAMS 0x0000000705900000, 0x0000000705900000| Untracked 
|  70|0x0000000705a00000, 0x0000000705a00000, 0x0000000705b00000|  0%| F|  |TAMS 0x0000000705a00000, 0x0000000705a00000| Untracked 
|  71|0x0000000705b00000, 0x0000000705b00000, 0x0000000705c00000|  0%| F|  |TAMS 0x0000000705b00000, 0x0000000705b00000| Untracked 
|  72|0x0000000705c00000, 0x0000000705c00000, 0x0000000705d00000|  0%| F|  |TAMS 0x0000000705c00000, 0x0000000705c00000| Untracked 
|  73|0x0000000705d00000, 0x0000000705d00000, 0x0000000705e00000|  0%| F|  |TAMS 0x0000000705d00000, 0x0000000705d00000| Untracked 
|  74|0x0000000705e00000, 0x0000000705e00000, 0x0000000705f00000|  0%| F|  |TAMS 0x0000000705e00000, 0x0000000705e00000| Untracked 
|  75|0x0000000705f00000, 0x0000000705f00000, 0x0000000706000000|  0%| F|  |TAMS 0x0000000705f00000, 0x0000000705f00000| Untracked 
|  76|0x0000000706000000, 0x0000000706000000, 0x0000000706100000|  0%| F|  |TAMS 0x0000000706000000, 0x0000000706000000| Untracked 
|  77|0x0000000706100000, 0x0000000706100000, 0x0000000706200000|  0%| F|  |TAMS 0x0000000706100000, 0x0000000706100000| Untracked 
|  78|0x0000000706200000, 0x0000000706200000, 0x0000000706300000|  0%| F|  |TAMS 0x0000000706200000, 0x0000000706200000| Untracked 
|  79|0x0000000706300000, 0x0000000706300000, 0x0000000706400000|  0%| F|  |TAMS 0x0000000706300000, 0x0000000706300000| Untracked 
|  80|0x0000000706400000, 0x0000000706400000, 0x0000000706500000|  0%| F|  |TAMS 0x0000000706400000, 0x0000000706400000| Untracked 
|  81|0x0000000706500000, 0x0000000706500000, 0x0000000706600000|  0%| F|  |TAMS 0x0000000706500000, 0x0000000706500000| Untracked 
|  82|0x0000000706600000, 0x0000000706600000, 0x0000000706700000|  0%| F|  |TAMS 0x0000000706600000, 0x0000000706600000| Untracked 
|  83|0x0000000706700000, 0x0000000706700000, 0x0000000706800000|  0%| F|  |TAMS 0x0000000706700000, 0x0000000706700000| Untracked 
|  84|0x0000000706800000, 0x0000000706800000, 0x0000000706900000|  0%| F|  |TAMS 0x0000000706800000, 0x0000000706800000| Untracked 
|  85|0x0000000706900000, 0x0000000706900000, 0x0000000706a00000|  0%| F|  |TAMS 0x0000000706900000, 0x0000000706900000| Untracked 
|  86|0x0000000706a00000, 0x0000000706a00000, 0x0000000706b00000|  0%| F|  |TAMS 0x0000000706a00000, 0x0000000706a00000| Untracked 
|  87|0x0000000706b00000, 0x0000000706b00000, 0x0000000706c00000|  0%| F|  |TAMS 0x0000000706b00000, 0x0000000706b00000| Untracked 
|  88|0x0000000706c00000, 0x0000000706c00000, 0x0000000706d00000|  0%| F|  |TAMS 0x0000000706c00000, 0x0000000706c00000| Untracked 
|  89|0x0000000706d00000, 0x0000000706d00000, 0x0000000706e00000|  0%| F|  |TAMS 0x0000000706d00000, 0x0000000706d00000| Untracked 
|  90|0x0000000706e00000, 0x0000000706e00000, 0x0000000706f00000|  0%| F|  |TAMS 0x0000000706e00000, 0x0000000706e00000| Untracked 
|  91|0x0000000706f00000, 0x0000000706f00000, 0x0000000707000000|  0%| F|  |TAMS 0x0000000706f00000, 0x0000000706f00000| Untracked 
|  92|0x0000000707000000, 0x0000000707000000, 0x0000000707100000|  0%| F|  |TAMS 0x0000000707000000, 0x0000000707000000| Untracked 
|  93|0x0000000707100000, 0x0000000707100000, 0x0000000707200000|  0%| F|  |TAMS 0x0000000707100000, 0x0000000707100000| Untracked 
|  94|0x0000000707200000, 0x0000000707200000, 0x0000000707300000|  0%| F|  |TAMS 0x0000000707200000, 0x0000000707200000| Untracked 
|  95|0x0000000707300000, 0x0000000707300000, 0x0000000707400000|  0%| F|  |TAMS 0x0000000707300000, 0x0000000707300000| Untracked 
|  96|0x0000000707400000, 0x0000000707400000, 0x0000000707500000|  0%| F|  |TAMS 0x0000000707400000, 0x0000000707400000| Untracked 
|  97|0x0000000707500000, 0x0000000707500000, 0x0000000707600000|  0%| F|  |TAMS 0x0000000707500000, 0x0000000707500000| Untracked 
|  98|0x0000000707600000, 0x0000000707600000, 0x0000000707700000|  0%| F|  |TAMS 0x0000000707600000, 0x0000000707600000| Untracked 
|  99|0x0000000707700000, 0x0000000707700000, 0x0000000707800000|  0%| F|  |TAMS 0x0000000707700000, 0x0000000707700000| Untracked 
| 100|0x0000000707800000, 0x0000000707800000, 0x0000000707900000|  0%| F|  |TAMS 0x0000000707800000, 0x0000000707800000| Untracked 
| 101|0x0000000707900000, 0x0000000707900000, 0x0000000707a00000|  0%| F|  |TAMS 0x0000000707900000, 0x0000000707900000| Untracked 
| 102|0x0000000707a00000, 0x0000000707a00000, 0x0000000707b00000|  0%| F|  |TAMS 0x0000000707a00000, 0x0000000707a00000| Untracked 
| 103|0x0000000707b00000, 0x0000000707b00000, 0x0000000707c00000|  0%| F|  |TAMS 0x0000000707b00000, 0x0000000707b00000| Untracked 
| 104|0x0000000707c00000, 0x0000000707c00000, 0x0000000707d00000|  0%| F|  |TAMS 0x0000000707c00000, 0x0000000707c00000| Untracked 
| 105|0x0000000707d00000, 0x0000000707d00000, 0x0000000707e00000|  0%| F|  |TAMS 0x0000000707d00000, 0x0000000707d00000| Untracked 
| 106|0x0000000707e00000, 0x0000000707e00000, 0x0000000707f00000|  0%| F|  |TAMS 0x0000000707e00000, 0x0000000707e00000| Untracked 
| 107|0x0000000707f00000, 0x0000000707f00000, 0x0000000708000000|  0%| F|  |TAMS 0x0000000707f00000, 0x0000000707f00000| Untracked 
| 108|0x0000000708000000, 0x0000000708000000, 0x0000000708100000|  0%| F|  |TAMS 0x0000000708000000, 0x0000000708000000| Untracked 
| 109|0x0000000708100000, 0x0000000708100000, 0x0000000708200000|  0%| F|  |TAMS 0x0000000708100000, 0x0000000708100000| Untracked 
| 110|0x0000000708200000, 0x0000000708200000, 0x0000000708300000|  0%| F|  |TAMS 0x0000000708200000, 0x0000000708200000| Untracked 
| 111|0x0000000708300000, 0x0000000708300000, 0x0000000708400000|  0%| F|  |TAMS 0x0000000708300000, 0x0000000708300000| Untracked 
| 112|0x0000000708400000, 0x0000000708400000, 0x0000000708500000|  0%| F|  |TAMS 0x0000000708400000, 0x0000000708400000| Untracked 
| 113|0x0000000708500000, 0x0000000708500000, 0x0000000708600000|  0%| F|  |TAMS 0x0000000708500000, 0x0000000708500000| Untracked 
| 114|0x0000000708600000, 0x0000000708600000, 0x0000000708700000|  0%| F|  |TAMS 0x0000000708600000, 0x0000000708600000| Untracked 
| 115|0x0000000708700000, 0x0000000708700000, 0x0000000708800000|  0%| F|  |TAMS 0x0000000708700000, 0x0000000708700000| Untracked 
| 116|0x0000000708800000, 0x0000000708800000, 0x0000000708900000|  0%| F|  |TAMS 0x0000000708800000, 0x0000000708800000| Untracked 
| 117|0x0000000708900000, 0x0000000708900000, 0x0000000708a00000|  0%| F|  |TAMS 0x0000000708900000, 0x0000000708900000| Untracked 
| 118|0x0000000708a00000, 0x0000000708a00000, 0x0000000708b00000|  0%| F|  |TAMS 0x0000000708a00000, 0x0000000708a00000| Untracked 
| 119|0x0000000708b00000, 0x0000000708b00000, 0x0000000708c00000|  0%| F|  |TAMS 0x0000000708b00000, 0x0000000708b00000| Untracked 
| 120|0x0000000708c00000, 0x0000000708c00000, 0x0000000708d00000|  0%| F|  |TAMS 0x0000000708c00000, 0x0000000708c00000| Untracked 
| 121|0x0000000708d00000, 0x0000000708d00000, 0x0000000708e00000|  0%| F|  |TAMS 0x0000000708d00000, 0x0000000708d00000| Untracked 
| 122|0x0000000708e00000, 0x0000000708e00000, 0x0000000708f00000|  0%| F|  |TAMS 0x0000000708e00000, 0x0000000708e00000| Untracked 
| 123|0x0000000708f00000, 0x0000000708f00000, 0x0000000709000000|  0%| F|  |TAMS 0x0000000708f00000, 0x0000000708f00000| Untracked 
| 124|0x0000000709000000, 0x0000000709000000, 0x0000000709100000|  0%| F|  |TAMS 0x0000000709000000, 0x0000000709000000| Untracked 
| 125|0x0000000709100000, 0x0000000709100000, 0x0000000709200000|  0%| F|  |TAMS 0x0000000709100000, 0x0000000709100000| Untracked 
| 126|0x0000000709200000, 0x0000000709200000, 0x0000000709300000|  0%| F|  |TAMS 0x0000000709200000, 0x0000000709200000| Untracked 
| 127|0x0000000709300000, 0x0000000709300000, 0x0000000709400000|  0%| F|  |TAMS 0x0000000709300000, 0x0000000709300000| Untracked 
| 128|0x0000000709400000, 0x0000000709400000, 0x0000000709500000|  0%| F|  |TAMS 0x0000000709400000, 0x0000000709400000| Untracked 
| 129|0x0000000709500000, 0x0000000709500000, 0x0000000709600000|  0%| F|  |TAMS 0x0000000709500000, 0x0000000709500000| Untracked 
| 130|0x0000000709600000, 0x0000000709600000, 0x0000000709700000|  0%| F|  |TAMS 0x0000000709600000, 0x0000000709600000| Untracked 
| 131|0x0000000709700000, 0x0000000709700000, 0x0000000709800000|  0%| F|  |TAMS 0x0000000709700000, 0x0000000709700000| Untracked 
| 132|0x0000000709800000, 0x0000000709800000, 0x0000000709900000|  0%| F|  |TAMS 0x0000000709800000, 0x0000000709800000| Untracked 
| 133|0x0000000709900000, 0x0000000709900000, 0x0000000709a00000|  0%| F|  |TAMS 0x0000000709900000, 0x0000000709900000| Untracked 
| 134|0x0000000709a00000, 0x0000000709a00000, 0x0000000709b00000|  0%| F|  |TAMS 0x0000000709a00000, 0x0000000709a00000| Untracked 
| 135|0x0000000709b00000, 0x0000000709b00000, 0x0000000709c00000|  0%| F|  |TAMS 0x0000000709b00000, 0x0000000709b00000| Untracked 
| 136|0x0000000709c00000, 0x0000000709c00000, 0x0000000709d00000|  0%| F|  |TAMS 0x0000000709c00000, 0x0000000709c00000| Untracked 
| 137|0x0000000709d00000, 0x0000000709d00000, 0x0000000709e00000|  0%| F|  |TAMS 0x0000000709d00000, 0x0000000709d00000| Untracked 
| 138|0x0000000709e00000, 0x0000000709e00000, 0x0000000709f00000|  0%| F|  |TAMS 0x0000000709e00000, 0x0000000709e00000| Untracked 
| 139|0x0000000709f00000, 0x0000000709f00000, 0x000000070a000000|  0%| F|  |TAMS 0x0000000709f00000, 0x0000000709f00000| Untracked 
| 140|0x000000070a000000, 0x000000070a000000, 0x000000070a100000|  0%| F|  |TAMS 0x000000070a000000, 0x000000070a000000| Untracked 
| 141|0x000000070a100000, 0x000000070a100000, 0x000000070a200000|  0%| F|  |TAMS 0x000000070a100000, 0x000000070a100000| Untracked 
| 142|0x000000070a200000, 0x000000070a200000, 0x000000070a300000|  0%| F|  |TAMS 0x000000070a200000, 0x000000070a200000| Untracked 
| 143|0x000000070a300000, 0x000000070a300000, 0x000000070a400000|  0%| F|  |TAMS 0x000000070a300000, 0x000000070a300000| Untracked 
| 144|0x000000070a400000, 0x000000070a400000, 0x000000070a500000|  0%| F|  |TAMS 0x000000070a400000, 0x000000070a400000| Untracked 
| 145|0x000000070a500000, 0x000000070a500000, 0x000000070a600000|  0%| F|  |TAMS 0x000000070a500000, 0x000000070a500000| Untracked 
| 146|0x000000070a600000, 0x000000070a600000, 0x000000070a700000|  0%| F|  |TAMS 0x000000070a600000, 0x000000070a600000| Untracked 
| 147|0x000000070a700000, 0x000000070a700000, 0x000000070a800000|  0%| F|  |TAMS 0x000000070a700000, 0x000000070a700000| Untracked 
| 148|0x000000070a800000, 0x000000070a800000, 0x000000070a900000|  0%| F|  |TAMS 0x000000070a800000, 0x000000070a800000| Untracked 
| 149|0x000000070a900000, 0x000000070a900000, 0x000000070aa00000|  0%| F|  |TAMS 0x000000070a900000, 0x000000070a900000| Untracked 
| 150|0x000000070aa00000, 0x000000070aa00000, 0x000000070ab00000|  0%| F|  |TAMS 0x000000070aa00000, 0x000000070aa00000| Untracked 
| 151|0x000000070ab00000, 0x000000070ab00000, 0x000000070ac00000|  0%| F|  |TAMS 0x000000070ab00000, 0x000000070ab00000| Untracked 
| 152|0x000000070ac00000, 0x000000070ac00000, 0x000000070ad00000|  0%| F|  |TAMS 0x000000070ac00000, 0x000000070ac00000| Untracked 
| 153|0x000000070ad00000, 0x000000070ad00000, 0x000000070ae00000|  0%| F|  |TAMS 0x000000070ad00000, 0x000000070ad00000| Untracked 
| 154|0x000000070ae00000, 0x000000070ae00000, 0x000000070af00000|  0%| F|  |TAMS 0x000000070ae00000, 0x000000070ae00000| Untracked 
| 155|0x000000070af00000, 0x000000070af00000, 0x000000070b000000|  0%| F|  |TAMS 0x000000070af00000, 0x000000070af00000| Untracked 
| 156|0x000000070b000000, 0x000000070b000000, 0x000000070b100000|  0%| F|  |TAMS 0x000000070b000000, 0x000000070b000000| Untracked 
| 157|0x000000070b100000, 0x000000070b100000, 0x000000070b200000|  0%| F|  |TAMS 0x000000070b100000, 0x000000070b100000| Untracked 
| 158|0x000000070b200000, 0x000000070b200000, 0x000000070b300000|  0%| F|  |TAMS 0x000000070b200000, 0x000000070b200000| Untracked 
| 159|0x000000070b300000, 0x000000070b300000, 0x000000070b400000|  0%| F|  |TAMS 0x000000070b300000, 0x000000070b300000| Untracked 
| 160|0x000000070b400000, 0x000000070b400000, 0x000000070b500000|  0%| F|  |TAMS 0x000000070b400000, 0x000000070b400000| Untracked 
| 161|0x000000070b500000, 0x000000070b500000, 0x000000070b600000|  0%| F|  |TAMS 0x000000070b500000, 0x000000070b500000| Untracked 
| 162|0x000000070b600000, 0x000000070b600000, 0x000000070b700000|  0%| F|  |TAMS 0x000000070b600000, 0x000000070b600000| Untracked 
| 163|0x000000070b700000, 0x000000070b700000, 0x000000070b800000|  0%| F|  |TAMS 0x000000070b700000, 0x000000070b700000| Untracked 
| 164|0x000000070b800000, 0x000000070b800000, 0x000000070b900000|  0%| F|  |TAMS 0x000000070b800000, 0x000000070b800000| Untracked 
| 165|0x000000070b900000, 0x000000070b900000, 0x000000070ba00000|  0%| F|  |TAMS 0x000000070b900000, 0x000000070b900000| Untracked 
| 166|0x000000070ba00000, 0x000000070ba00000, 0x000000070bb00000|  0%| F|  |TAMS 0x000000070ba00000, 0x000000070ba00000| Untracked 
| 167|0x000000070bb00000, 0x000000070bb00000, 0x000000070bc00000|  0%| F|  |TAMS 0x000000070bb00000, 0x000000070bb00000| Untracked 
| 168|0x000000070bc00000, 0x000000070bc00000, 0x000000070bd00000|  0%| F|  |TAMS 0x000000070bc00000, 0x000000070bc00000| Untracked 
| 169|0x000000070bd00000, 0x000000070bd00000, 0x000000070be00000|  0%| F|  |TAMS 0x000000070bd00000, 0x000000070bd00000| Untracked 
| 170|0x000000070be00000, 0x000000070be00000, 0x000000070bf00000|  0%| F|  |TAMS 0x000000070be00000, 0x000000070be00000| Untracked 
| 171|0x000000070bf00000, 0x000000070bf00000, 0x000000070c000000|  0%| F|  |TAMS 0x000000070bf00000, 0x000000070bf00000| Untracked 
| 172|0x000000070c000000, 0x000000070c000000, 0x000000070c100000|  0%| F|  |TAMS 0x000000070c000000, 0x000000070c000000| Untracked 
| 173|0x000000070c100000, 0x000000070c100000, 0x000000070c200000|  0%| F|  |TAMS 0x000000070c100000, 0x000000070c100000| Untracked 
| 174|0x000000070c200000, 0x000000070c200000, 0x000000070c300000|  0%| F|  |TAMS 0x000000070c200000, 0x000000070c200000| Untracked 
| 175|0x000000070c300000, 0x000000070c300000, 0x000000070c400000|  0%| F|  |TAMS 0x000000070c300000, 0x000000070c300000| Untracked 
| 176|0x000000070c400000, 0x000000070c400000, 0x000000070c500000|  0%| F|  |TAMS 0x000000070c400000, 0x000000070c400000| Untracked 
| 177|0x000000070c500000, 0x000000070c500000, 0x000000070c600000|  0%| F|  |TAMS 0x000000070c500000, 0x000000070c500000| Untracked 
| 178|0x000000070c600000, 0x000000070c600000, 0x000000070c700000|  0%| F|  |TAMS 0x000000070c600000, 0x000000070c600000| Untracked 
| 179|0x000000070c700000, 0x000000070c700000, 0x000000070c800000|  0%| F|  |TAMS 0x000000070c700000, 0x000000070c700000| Untracked 
| 180|0x000000070c800000, 0x000000070c800000, 0x000000070c900000|  0%| F|  |TAMS 0x000000070c800000, 0x000000070c800000| Untracked 
| 181|0x000000070c900000, 0x000000070c900000, 0x000000070ca00000|  0%| F|  |TAMS 0x000000070c900000, 0x000000070c900000| Untracked 
| 182|0x000000070ca00000, 0x000000070ca00000, 0x000000070cb00000|  0%| F|  |TAMS 0x000000070ca00000, 0x000000070ca00000| Untracked 
| 183|0x000000070cb00000, 0x000000070cb00000, 0x000000070cc00000|  0%| F|  |TAMS 0x000000070cb00000, 0x000000070cb00000| Untracked 
| 184|0x000000070cc00000, 0x000000070cc00000, 0x000000070cd00000|  0%| F|  |TAMS 0x000000070cc00000, 0x000000070cc00000| Untracked 
| 185|0x000000070cd00000, 0x000000070cd00000, 0x000000070ce00000|  0%| F|  |TAMS 0x000000070cd00000, 0x000000070cd00000| Untracked 
| 186|0x000000070ce00000, 0x000000070ce00000, 0x000000070cf00000|  0%| F|  |TAMS 0x000000070ce00000, 0x000000070ce00000| Untracked 
| 187|0x000000070cf00000, 0x000000070cf00000, 0x000000070d000000|  0%| F|  |TAMS 0x000000070cf00000, 0x000000070cf00000| Untracked 
| 188|0x000000070d000000, 0x000000070d000000, 0x000000070d100000|  0%| F|  |TAMS 0x000000070d000000, 0x000000070d000000| Untracked 
| 189|0x000000070d100000, 0x000000070d100000, 0x000000070d200000|  0%| F|  |TAMS 0x000000070d100000, 0x000000070d100000| Untracked 
| 190|0x000000070d200000, 0x000000070d200000, 0x000000070d300000|  0%| F|  |TAMS 0x000000070d200000, 0x000000070d200000| Untracked 
| 191|0x000000070d300000, 0x000000070d300000, 0x000000070d400000|  0%| F|  |TAMS 0x000000070d300000, 0x000000070d300000| Untracked 
| 192|0x000000070d400000, 0x000000070d400000, 0x000000070d500000|  0%| F|  |TAMS 0x000000070d400000, 0x000000070d400000| Untracked 
| 193|0x000000070d500000, 0x000000070d500000, 0x000000070d600000|  0%| F|  |TAMS 0x000000070d500000, 0x000000070d500000| Untracked 
| 194|0x000000070d600000, 0x000000070d600000, 0x000000070d700000|  0%| F|  |TAMS 0x000000070d600000, 0x000000070d600000| Untracked 
| 195|0x000000070d700000, 0x000000070d700000, 0x000000070d800000|  0%| F|  |TAMS 0x000000070d700000, 0x000000070d700000| Untracked 
| 196|0x000000070d800000, 0x000000070d800000, 0x000000070d900000|  0%| F|  |TAMS 0x000000070d800000, 0x000000070d800000| Untracked 
| 197|0x000000070d900000, 0x000000070d900000, 0x000000070da00000|  0%| F|  |TAMS 0x000000070d900000, 0x000000070d900000| Untracked 
| 198|0x000000070da00000, 0x000000070da00000, 0x000000070db00000|  0%| F|  |TAMS 0x000000070da00000, 0x000000070da00000| Untracked 
| 199|0x000000070db00000, 0x000000070db00000, 0x000000070dc00000|  0%| F|  |TAMS 0x000000070db00000, 0x000000070db00000| Untracked 
| 200|0x000000070dc00000, 0x000000070dc00000, 0x000000070dd00000|  0%| F|  |TAMS 0x000000070dc00000, 0x000000070dc00000| Untracked 
| 201|0x000000070dd00000, 0x000000070dd00000, 0x000000070de00000|  0%| F|  |TAMS 0x000000070dd00000, 0x000000070dd00000| Untracked 
| 202|0x000000070de00000, 0x000000070de00000, 0x000000070df00000|  0%| F|  |TAMS 0x000000070de00000, 0x000000070de00000| Untracked 
| 203|0x000000070df00000, 0x000000070df00000, 0x000000070e000000|  0%| F|  |TAMS 0x000000070df00000, 0x000000070df00000| Untracked 
| 204|0x000000070e000000, 0x000000070e000000, 0x000000070e100000|  0%| F|  |TAMS 0x000000070e000000, 0x000000070e000000| Untracked 
| 205|0x000000070e100000, 0x000000070e100000, 0x000000070e200000|  0%| F|  |TAMS 0x000000070e100000, 0x000000070e100000| Untracked 
| 206|0x000000070e200000, 0x000000070e200000, 0x000000070e300000|  0%| F|  |TAMS 0x000000070e200000, 0x000000070e200000| Untracked 
| 207|0x000000070e300000, 0x000000070e300000, 0x000000070e400000|  0%| F|  |TAMS 0x000000070e300000, 0x000000070e300000| Untracked 
| 208|0x000000070e400000, 0x000000070e400000, 0x000000070e500000|  0%| F|  |TAMS 0x000000070e400000, 0x000000070e400000| Untracked 
| 209|0x000000070e500000, 0x000000070e500000, 0x000000070e600000|  0%| F|  |TAMS 0x000000070e500000, 0x000000070e500000| Untracked 
| 210|0x000000070e600000, 0x000000070e600000, 0x000000070e700000|  0%| F|  |TAMS 0x000000070e600000, 0x000000070e600000| Untracked 
| 211|0x000000070e700000, 0x000000070e700000, 0x000000070e800000|  0%| F|  |TAMS 0x000000070e700000, 0x000000070e700000| Untracked 
| 212|0x000000070e800000, 0x000000070e800000, 0x000000070e900000|  0%| F|  |TAMS 0x000000070e800000, 0x000000070e800000| Untracked 
| 213|0x000000070e900000, 0x000000070e900000, 0x000000070ea00000|  0%| F|  |TAMS 0x000000070e900000, 0x000000070e900000| Untracked 
| 214|0x000000070ea00000, 0x000000070ea00000, 0x000000070eb00000|  0%| F|  |TAMS 0x000000070ea00000, 0x000000070ea00000| Untracked 
| 215|0x000000070eb00000, 0x000000070eb00000, 0x000000070ec00000|  0%| F|  |TAMS 0x000000070eb00000, 0x000000070eb00000| Untracked 
| 216|0x000000070ec00000, 0x000000070ec00000, 0x000000070ed00000|  0%| F|  |TAMS 0x000000070ec00000, 0x000000070ec00000| Untracked 
| 217|0x000000070ed00000, 0x000000070ed00000, 0x000000070ee00000|  0%| F|  |TAMS 0x000000070ed00000, 0x000000070ed00000| Untracked 
| 218|0x000000070ee00000, 0x000000070ee00000, 0x000000070ef00000|  0%| F|  |TAMS 0x000000070ee00000, 0x000000070ee00000| Untracked 
| 219|0x000000070ef00000, 0x000000070ef00000, 0x000000070f000000|  0%| F|  |TAMS 0x000000070ef00000, 0x000000070ef00000| Untracked 
| 220|0x000000070f000000, 0x000000070f000000, 0x000000070f100000|  0%| F|  |TAMS 0x000000070f000000, 0x000000070f000000| Untracked 
| 221|0x000000070f100000, 0x000000070f100000, 0x000000070f200000|  0%| F|  |TAMS 0x000000070f100000, 0x000000070f100000| Untracked 
| 222|0x000000070f200000, 0x000000070f200000, 0x000000070f300000|  0%| F|  |TAMS 0x000000070f200000, 0x000000070f200000| Untracked 
| 223|0x000000070f300000, 0x000000070f300000, 0x000000070f400000|  0%| F|  |TAMS 0x000000070f300000, 0x000000070f300000| Untracked 
| 224|0x000000070f400000, 0x000000070f400000, 0x000000070f500000|  0%| F|  |TAMS 0x000000070f400000, 0x000000070f400000| Untracked 
| 225|0x000000070f500000, 0x000000070f500000, 0x000000070f600000|  0%| F|  |TAMS 0x000000070f500000, 0x000000070f500000| Untracked 
| 226|0x000000070f600000, 0x000000070f600000, 0x000000070f700000|  0%| F|  |TAMS 0x000000070f600000, 0x000000070f600000| Untracked 
| 227|0x000000070f700000, 0x000000070f700000, 0x000000070f800000|  0%| F|  |TAMS 0x000000070f700000, 0x000000070f700000| Untracked 
| 228|0x000000070f800000, 0x000000070f800000, 0x000000070f900000|  0%| F|  |TAMS 0x000000070f800000, 0x000000070f800000| Untracked 
| 229|0x000000070f900000, 0x000000070f900000, 0x000000070fa00000|  0%| F|  |TAMS 0x000000070f900000, 0x000000070f900000| Untracked 
| 230|0x000000070fa00000, 0x000000070fa00000, 0x000000070fb00000|  0%| F|  |TAMS 0x000000070fa00000, 0x000000070fa00000| Untracked 
| 231|0x000000070fb00000, 0x000000070fb00000, 0x000000070fc00000|  0%| F|  |TAMS 0x000000070fb00000, 0x000000070fb00000| Untracked 
| 232|0x000000070fc00000, 0x000000070fc00000, 0x000000070fd00000|  0%| F|  |TAMS 0x000000070fc00000, 0x000000070fc00000| Untracked 
| 233|0x000000070fd00000, 0x000000070fd00000, 0x000000070fe00000|  0%| F|  |TAMS 0x000000070fd00000, 0x000000070fd00000| Untracked 
| 234|0x000000070fe00000, 0x000000070fe00000, 0x000000070ff00000|  0%| F|  |TAMS 0x000000070fe00000, 0x000000070fe00000| Untracked 
| 235|0x000000070ff00000, 0x000000070ff00000, 0x0000000710000000|  0%| F|  |TAMS 0x000000070ff00000, 0x000000070ff00000| Untracked 
| 236|0x0000000710000000, 0x00000007100d0c30, 0x0000000710100000| 81%| S|CS|TAMS 0x0000000710000000, 0x0000000710000000| Complete 
| 237|0x0000000710100000, 0x0000000710200000, 0x0000000710200000|100%| S|CS|TAMS 0x0000000710100000, 0x0000000710100000| Complete 
| 238|0x0000000710200000, 0x0000000710200000, 0x0000000710300000|  0%| F|  |TAMS 0x0000000710200000, 0x0000000710200000| Untracked 
| 239|0x0000000710300000, 0x0000000710300000, 0x0000000710400000|  0%| F|  |TAMS 0x0000000710300000, 0x0000000710300000| Untracked 
| 240|0x0000000710400000, 0x0000000710400000, 0x0000000710500000|  0%| F|  |TAMS 0x0000000710400000, 0x0000000710400000| Untracked 
| 241|0x0000000710500000, 0x0000000710500000, 0x0000000710600000|  0%| F|  |TAMS 0x0000000710500000, 0x0000000710500000| Untracked 
| 242|0x0000000710600000, 0x0000000710600000, 0x0000000710700000|  0%| F|  |TAMS 0x0000000710600000, 0x0000000710600000| Untracked 
| 243|0x0000000710700000, 0x0000000710700000, 0x0000000710800000|  0%| F|  |TAMS 0x0000000710700000, 0x0000000710700000| Untracked 
| 244|0x0000000710800000, 0x0000000710800000, 0x0000000710900000|  0%| F|  |TAMS 0x0000000710800000, 0x0000000710800000| Untracked 
| 245|0x0000000710900000, 0x0000000710900000, 0x0000000710a00000|  0%| F|  |TAMS 0x0000000710900000, 0x0000000710900000| Untracked 
| 246|0x0000000710a00000, 0x0000000710a00000, 0x0000000710b00000|  0%| F|  |TAMS 0x0000000710a00000, 0x0000000710a00000| Untracked 
| 247|0x0000000710b00000, 0x0000000710b00000, 0x0000000710c00000|  0%| F|  |TAMS 0x0000000710b00000, 0x0000000710b00000| Untracked 
| 248|0x0000000710c00000, 0x0000000710c00000, 0x0000000710d00000|  0%| F|  |TAMS 0x0000000710c00000, 0x0000000710c00000| Untracked 
| 249|0x0000000710d00000, 0x0000000710d00000, 0x0000000710e00000|  0%| F|  |TAMS 0x0000000710d00000, 0x0000000710d00000| Untracked 
| 250|0x0000000710e00000, 0x0000000710e00000, 0x0000000710f00000|  0%| F|  |TAMS 0x0000000710e00000, 0x0000000710e00000| Untracked 
| 251|0x0000000710f00000, 0x0000000710f00000, 0x0000000711000000|  0%| F|  |TAMS 0x0000000710f00000, 0x0000000710f00000| Untracked 
| 252|0x0000000711000000, 0x0000000711000800, 0x0000000711100000|  0%| E|  |TAMS 0x0000000711000000, 0x0000000711000000| Complete 
| 253|0x0000000711100000, 0x0000000711200000, 0x0000000711200000|100%| E|CS|TAMS 0x0000000711100000, 0x0000000711100000| Complete 
| 254|0x0000000711200000, 0x0000000711300000, 0x0000000711300000|100%| E|CS|TAMS 0x0000000711200000, 0x0000000711200000| Complete 
| 255|0x0000000711300000, 0x0000000711400000, 0x0000000711400000|100%| E|CS|TAMS 0x0000000711300000, 0x0000000711300000| Complete 

Card table byte_map: [0x00000289fce00000,0x00000289fd600000] _byte_map_base: 0x00000289f95f6000

Marking Bits (Prev, Next): (CMBitMap*) 0x00000289fc256cb8, (CMBitMap*) 0x00000289fc256cf8
 Prev Bits: [0x0000028997330000, 0x000002899b2e0000)
 Next Bits: [0x000002899b2e0000, 0x000002899f290000)

Polling page: 0x00000289fb9c0000

Metaspace:

Usage:
  Non-class:     12.25 MB capacity,    11.90 MB ( 97%) used,   310.79 KB (  2%) free+waste,    48.00 KB ( <1%) overhead. 
      Class:      1.82 MB capacity,     1.63 MB ( 90%) used,   168.29 KB (  9%) free+waste,    24.13 KB (  1%) overhead. 
       Both:     14.07 MB capacity,    13.53 MB ( 96%) used,   479.08 KB (  3%) free+waste,    72.13 KB ( <1%) overhead. 

Virtual space:
  Non-class space:       14.00 MB reserved,      12.25 MB ( 88%) committed 
      Class space:        1.00 GB reserved,       1.88 MB ( <1%) committed 
             Both:        1.01 GB reserved,      14.13 MB (  1%) committed 

Chunk freelists:
   Non-Class:  512 bytes
       Class:  2.75 KB
        Both:  3.25 KB

CodeHeap 'non-profiled nmethods': size=120000Kb used=636Kb max_used=636Kb free=119363Kb
 bounds [0x000002898fe00000, 0x0000028990070000, 0x0000028997330000]
CodeHeap 'profiled nmethods': size=120000Kb used=3697Kb max_used=3697Kb free=116302Kb
 bounds [0x00000289888d0000, 0x0000028988c70000, 0x000002898fe00000]
CodeHeap 'non-nmethods': size=5760Kb used=1259Kb max_used=1274Kb free=4500Kb
 bounds [0x0000028988330000, 0x00000289885a0000, 0x00000289888d0000]
 total_blobs=2646 nmethods=1771 adapters=417
 compilation: enabled
              stopped_count=0, restarted_count=0
 full_count=0

Compilation events (10 events):
Event: 13.746 Thread 0x00000289a05bd000 1767       3       com.google.common.base.CharMatcher$IsNot::matches (14 bytes)
Event: 13.746 Thread 0x00000289a05bd000 nmethod 1767 0x0000028988c67e10 code [0x0000028988c67fc0, 0x0000028988c68198]
Event: 13.746 Thread 0x00000289a05bd000 1768       1       org.openqa.selenium.json.JsonInputIterator::next (5 bytes)
Event: 13.746 Thread 0x00000289a05bd000 nmethod 1768 0x000002898fe9ef10 code [0x000002898fe9f0c0, 0x000002898fe9f1f8]
Event: 13.748 Thread 0x00000289a05bd000 1769       3       java.util.ImmutableCollections$List12::size (13 bytes)
Event: 13.748 Thread 0x00000289a05bd000 nmethod 1769 0x0000028988c68210 code [0x0000028988c683c0, 0x0000028988c685b8]
Event: 13.748 Thread 0x00000289a05bd000 1770       3       okio.Buffer::writeUtf8 (543 bytes)
Event: 13.750 Thread 0x00000289a05bd000 nmethod 1770 0x0000028988c68690 code [0x0000028988c68c40, 0x0000028988c6b1f0]
Event: 13.764 Thread 0x00000289a05bd000 1771       3       java.util.regex.Pattern$LastNode::match (45 bytes)
Event: 13.764 Thread 0x00000289a05bd000 nmethod 1771 0x0000028988c6c210 code [0x0000028988c6c3e0, 0x0000028988c6c658]

GC Heap History (4 events):
Event: 0.824 GC heap before
{Heap before GC invocations=0 (full 0):
 garbage-first heap   total 262144K, used 23552K [0x0000000701400000, 0x0000000800000000)
  region size 1024K, 24 young (24576K), 0 survivors (0K)
 Metaspace       used 8959K, capacity 9241K, committed 9344K, reserved 1056768K
  class space    used 1014K, capacity 1098K, committed 1152K, reserved 1048576K
}
Event: 0.828 GC heap after
{Heap after GC invocations=1 (full 0):
 garbage-first heap   total 262144K, used 5274K [0x0000000701400000, 0x0000000800000000)
  region size 1024K, 3 young (3072K), 3 survivors (3072K)
 Metaspace       used 8959K, capacity 9241K, committed 9344K, reserved 1056768K
  class space    used 1014K, capacity 1098K, committed 1152K, reserved 1048576K
}
Event: 8.156 GC heap before
{Heap before GC invocations=1 (full 0):
 garbage-first heap   total 262144K, used 23706K [0x0000000701400000, 0x0000000800000000)
  region size 1024K, 21 young (21504K), 3 survivors (3072K)
 Metaspace       used 13540K, capacity 14089K, committed 14208K, reserved 1060864K
  class space    used 1630K, capacity 1825K, committed 1920K, reserved 1048576K
}
Event: 8.160 GC heap after
{Heap after GC invocations=2 (full 0):
 garbage-first heap   total 262144K, used 7084K [0x0000000701400000, 0x0000000800000000)
  region size 1024K, 2 young (2048K), 2 survivors (2048K)
 Metaspace       used 13540K, capacity 14089K, committed 14208K, reserved 1060864K
  class space    used 1630K, capacity 1825K, committed 1920K, reserved 1048576K
}

Deoptimization events (10 events):
Event: 0.964 Thread 0x00000289a1658000 Uncommon trap: reason=unstable_if action=reinterpret pc=0x000002898fe66c94 method=java.util.concurrent.ConcurrentHashMap.putVal(Ljava/lang/Object;Ljava/lang/Object;Z)Ljava/lang/Object; @ 97 c2
Event: 1.012 Thread 0x00000289fc1f3000 Uncommon trap: reason=unstable_if action=reinterpret pc=0x000002898fe792a4 method=java.util.regex.Pattern$BmpCharProperty.match(Ljava/util/regex/Matcher;ILjava/lang/CharSequence;)Z @ 39 c2
Event: 8.095 Thread 0x00000289fc1f3000 Uncommon trap: reason=class_check action=maybe_recompile pc=0x000002898fe86630 method=org.openqa.selenium.json.Input.init()V @ 18 c2
Event: 8.095 Thread 0x00000289fc1f3000 Uncommon trap: reason=class_check action=maybe_recompile pc=0x000002898fe86630 method=org.openqa.selenium.json.Input.init()V @ 18 c2
Event: 8.095 Thread 0x00000289fc1f3000 Uncommon trap: reason=class_check action=maybe_recompile pc=0x000002898fe86630 method=org.openqa.selenium.json.Input.init()V @ 18 c2
Event: 8.095 Thread 0x00000289fc1f3000 Uncommon trap: reason=class_check action=maybe_recompile pc=0x000002898fe86630 method=org.openqa.selenium.json.Input.init()V @ 18 c2
Event: 8.212 Thread 0x00000289fc1f3000 Uncommon trap: reason=bimorphic_or_optimized_type_check action=maybe_recompile pc=0x000002898fe95284 method=java.util.regex.Pattern$Start.match(Ljava/util/regex/Matcher;ILjava/lang/CharSequence;)Z @ 44 c2
Event: 8.212 Thread 0x00000289fc1f3000 Uncommon trap: reason=bimorphic_or_optimized_type_check action=maybe_recompile pc=0x000002898fe95284 method=java.util.regex.Pattern$Start.match(Ljava/util/regex/Matcher;ILjava/lang/CharSequence;)Z @ 44 c2
Event: 8.212 Thread 0x00000289fc1f3000 Uncommon trap: reason=bimorphic_or_optimized_type_check action=maybe_recompile pc=0x000002898fe95284 method=java.util.regex.Pattern$Start.match(Ljava/util/regex/Matcher;ILjava/lang/CharSequence;)Z @ 44 c2
Event: 8.212 Thread 0x00000289fc1f3000 Uncommon trap: reason=bimorphic_or_optimized_type_check action=maybe_recompile pc=0x000002898fe95284 method=java.util.regex.Pattern$Start.match(Ljava/util/regex/Matcher;ILjava/lang/CharSequence;)Z @ 44 c2

Classes redefined (6 events):
Event: 291.204 Thread 0x000002899fcfc000 redefined class name=fiato.testing.AppTest, count=1
Event: 302.483 Thread 0x000002899fcfc000 redefined class name=fiato.testing.AppTest, count=2
Event: 353.134 Thread 0x000002899fcfc000 redefined class name=fiato.testing.AppTest, count=3
Event: 417.209 Thread 0x000002899fcfc000 redefined class name=fiato.testing.AppTest, count=4
Event: 478.058 Thread 0x000002899fcfc000 redefined class name=fiato.testing.AppTest, count=5
Event: 1003.550 Thread 0x000002899fcfc000 redefined class name=fiato.testing.AppTest, count=6

Internal exceptions (10 events):
Event: 0.923 Thread 0x00000289fc1f3000 Exception <a 'java/lang/NoSuchMethodError'{0x0000000710d4da30}: java.lang.invoke.DirectMethodHandle$Holder.invokeSpecial(Ljava/lang/Object;Ljava/lang/Object;Ljava/lang/Object;Ljava/lang/Object;)V> (0x0000000710d4da30) thrown at [t:/workspace/open/src/hots
Event: 0.968 Thread 0x00000289fc1f3000 Exception <a 'java/lang/NoSuchMethodError'{0x0000000710a335e0}: java.lang.invoke.DirectMethodHandle$Holder.invokeStatic(Ljava/lang/Object;Ljava/lang/Object;Ljava/lang/Object;Ljava/lang/Object;Ljava/lang/Object;)V> (0x0000000710a335e0) thrown at [t:/worksp
Event: 1.021 Thread 0x00000289fc1f3000 Exception <a 'java/lang/NoSuchMethodError'{0x00000007106c99e0}: java.lang.invoke.DirectMethodHandle$Holder.invokeStatic(Ljava/lang/Object;Ljava/lang/Object;Ljava/lang/Object;Ljava/lang/Object;)V> (0x00000007106c99e0) thrown at [t:/workspace/open/src/hotsp
Event: 8.099 Thread 0x00000289fc1f3000 Exception <a 'java/lang/NoSuchMethodError'{0x00000007104f4638}: java.lang.invoke.DirectMethodHandle$Holder.invokeSpecialIFC(Ljava/lang/Object;Ljava/lang/Object;Ljava/lang/Object;)Ljava/lang/Object;> (0x00000007104f4638) thrown at [t:/workspace/open/src/ho
Event: 8.114 Thread 0x00000289fc1f3000 Exception <a 'java/lang/ClassNotFoundException'{0x00000007103a8ee8}: sun/util/logging/resources/spi/loggingProvider> (0x00000007103a8ee8) thrown at [t:/workspace/open/src/hotspot/share/classfile/systemDictionary.cpp, line 235]
Event: 8.160 Thread 0x00000289fc1f3000 Exception <a 'java/lang/NoSuchMethodError'{0x000000071010bc58}: java.lang.invoke.DirectMethodHandle$Holder.invokeSpecialIFC(Ljava/lang/Object;Ljava/lang/Object;)Ljava/lang/Object;> (0x000000071010bc58) thrown at [t:/workspace/open/src/hotspot/share/interp
Event: 8.205 Thread 0x00000289fc1f3000 Exception <a 'java/net/SocketTimeoutException'{0x000000071134efc8}: Read timed out> (0x000000071134efc8) thrown at [t:/workspace/open/src/hotspot/share/prims/jni.cpp, line 636]
Event: 8.222 Thread 0x00000289fc1f3000 Exception <a 'java/net/SocketTimeoutException'{0x000000071124cbe8}: Read timed out> (0x000000071124cbe8) thrown at [t:/workspace/open/src/hotspot/share/prims/jni.cpp, line 636]
Event: 13.664 Thread 0x00000289fc1f3000 Exception <a 'java/net/SocketTimeoutException'{0x0000000711141e18}: Read timed out> (0x0000000711141e18) thrown at [t:/workspace/open/src/hotspot/share/prims/jni.cpp, line 636]
Event: 13.721 Thread 0x00000289fc1f3000 Exception <a 'java/net/SocketTimeoutException'{0x000000071116a3f0}: Read timed out> (0x000000071116a3f0) thrown at [t:/workspace/open/src/hotspot/share/prims/jni.cpp, line 636]

Events (10 events):
Event: 1003.575 Executing VM operation: GetStackTrace done
Event: 1003.780 Executing VM operation: GetFrameCount
Event: 1003.780 Executing VM operation: GetFrameCount done
Event: 1003.780 Executing VM operation: GetOwnedMonitorInfo
Event: 1003.781 Executing VM operation: GetOwnedMonitorInfo done
Event: 1003.781 Executing VM operation: GetCurrentContendedMonitor
Event: 1003.781 Executing VM operation: GetCurrentContendedMonitor done
Event: 1003.869 Executing VM operation: GetFrameLocation
Event: 1003.869 Executing VM operation: GetFrameLocation done
Event: 1003.869 Executing VM operation: GetOrSetLocal


Dynamic libraries:
0x00007ff749d70000 - 0x00007ff749d7f000 	C:\Program Files\Java\jdk-12.0.1\bin\javaw.exe
0x00007ff8be340000 - 0x00007ff8be521000 	C:\WINDOWS\SYSTEM32\ntdll.dll
0x00007ff893cc0000 - 0x00007ff893cd2000 	C:\Program Files\AVAST Software\Avast\aswhook.dll
0x00007ff8be070000 - 0x00007ff8be121000 	C:\WINDOWS\System32\KERNEL32.DLL
0x00007ff8baa10000 - 0x00007ff8bac83000 	C:\WINDOWS\System32\KERNELBASE.dll
0x00007ff8ba8b0000 - 0x00007ff8ba9a8000 	C:\WINDOWS\System32\ucrtbase.dll
0x00007ff8a5260000 - 0x00007ff8a5278000 	C:\Program Files\Java\jdk-12.0.1\bin\jli.dll
0x00007ff8be130000 - 0x00007ff8be1d1000 	C:\WINDOWS\System32\ADVAPI32.dll
0x00007ff8bd840000 - 0x00007ff8bd8de000 	C:\WINDOWS\System32\msvcrt.dll
0x00007ff8bbab0000 - 0x00007ff8bbb0b000 	C:\WINDOWS\System32\sechost.dll
0x00007ff8be1e0000 - 0x00007ff8be304000 	C:\WINDOWS\System32\RPCRT4.dll
0x00007ff8bb880000 - 0x00007ff8bba10000 	C:\WINDOWS\System32\USER32.dll
0x00007ff8baf30000 - 0x00007ff8baf50000 	C:\WINDOWS\System32\win32u.dll
0x00007ff8bd810000 - 0x00007ff8bd838000 	C:\WINDOWS\System32\GDI32.dll
0x00007ff8ba710000 - 0x00007ff8ba8a2000 	C:\WINDOWS\System32\gdi32full.dll
0x00007ff8bafd0000 - 0x00007ff8bb06f000 	C:\WINDOWS\System32\msvcp_win.dll
0x00007ff8a05c0000 - 0x00007ff8a05d6000 	C:\Program Files\Java\jdk-12.0.1\bin\VCRUNTIME140.dll
0x00007ff8aa5e0000 - 0x00007ff8aa849000 	C:\WINDOWS\WinSxS\amd64_microsoft.windows.common-controls_6595b64144ccf1df_6.0.17134.706_none_fb43a2cb30647007\COMCTL32.dll
0x00007ff8bdd40000 - 0x00007ff8be062000 	C:\WINDOWS\System32\combase.dll
0x00007ff8baf50000 - 0x00007ff8bafca000 	C:\WINDOWS\System32\bcryptPrimitives.dll
0x00007ff8b9800000 - 0x00007ff8b980a000 	C:\WINDOWS\SYSTEM32\VERSION.dll
0x00007ff8bd8e0000 - 0x00007ff8bd90d000 	C:\WINDOWS\System32\IMM32.DLL
0x00007ff89aaf0000 - 0x00007ff89ab9a000 	C:\Program Files\Java\jdk-12.0.1\bin\msvcp140.dll
0x00007ff87b720000 - 0x00007ff87c294000 	C:\Program Files\Java\jdk-12.0.1\bin\server\jvm.dll
0x00007ff8bd7f0000 - 0x00007ff8bd7f8000 	C:\WINDOWS\System32\PSAPI.DLL
0x00007ff8aac10000 - 0x00007ff8aac19000 	C:\WINDOWS\SYSTEM32\WSOCK32.dll
0x00007ff8bdc00000 - 0x00007ff8bdc6c000 	C:\WINDOWS\System32\WS2_32.dll
0x00007ff8b8410000 - 0x00007ff8b8433000 	C:\WINDOWS\SYSTEM32\WINMM.dll
0x00007ff8b83e0000 - 0x00007ff8b840a000 	C:\WINDOWS\SYSTEM32\WINMMBASE.dll
0x00007ff8bb780000 - 0x00007ff8bb7c9000 	C:\WINDOWS\System32\cfgmgr32.dll
0x00007ff8ba670000 - 0x00007ff8ba681000 	C:\WINDOWS\System32\kernel.appcore.dll
0x00007ff8aa0b0000 - 0x00007ff8aa0c1000 	C:\Program Files\Java\jdk-12.0.1\bin\verify.dll
0x00007ff8a89c0000 - 0x00007ff8a8b89000 	C:\WINDOWS\SYSTEM32\DBGHELP.DLL
0x00007ff8a8690000 - 0x00007ff8a86b9000 	C:\WINDOWS\SYSTEM32\dbgcore.DLL
0x00007ff8a8880000 - 0x00007ff8a88a6000 	C:\Program Files\Java\jdk-12.0.1\bin\java.dll
0x00007ff8a00a0000 - 0x00007ff8a00d8000 	C:\Program Files\Java\jdk-12.0.1\bin\jdwp.dll
0x00007ff8a96f0000 - 0x00007ff8a9707000 	C:\Program Files\Java\jdk-12.0.1\bin\zip.dll
0x00007ff8b5b70000 - 0x00007ff8b5b7a000 	C:\Program Files\Java\jdk-12.0.1\bin\jimage.dll
0x00007ff8bbed0000 - 0x00007ff8bd310000 	C:\WINDOWS\System32\SHELL32.dll
0x00007ff8bb7d0000 - 0x00007ff8bb879000 	C:\WINDOWS\System32\shcore.dll
0x00007ff8bb070000 - 0x00007ff8bb77d000 	C:\WINDOWS\System32\windows.storage.dll
0x00007ff8bda00000 - 0x00007ff8bda51000 	C:\WINDOWS\System32\shlwapi.dll
0x00007ff8ba6f0000 - 0x00007ff8ba70f000 	C:\WINDOWS\System32\profapi.dll
0x00007ff8ba6a0000 - 0x00007ff8ba6ec000 	C:\WINDOWS\System32\powrprof.dll
0x00007ff8ba690000 - 0x00007ff8ba69a000 	C:\WINDOWS\System32\FLTLIB.DLL
0x00007ff8a9d30000 - 0x00007ff8a9d3a000 	C:\Program Files\Java\jdk-12.0.1\bin\dt_socket.dll
0x00007ff8b9e70000 - 0x00007ff8b9ed6000 	C:\WINDOWS\System32\mswsock.dll
0x00007ff8b9c30000 - 0x00007ff8b9cee000 	C:\WINDOWS\SYSTEM32\DNSAPI.dll
0x00007ff8bd780000 - 0x00007ff8bd788000 	C:\WINDOWS\System32\NSI.dll
0x00007ff8b9bf0000 - 0x00007ff8b9c28000 	C:\WINDOWS\SYSTEM32\IPHLPAPI.DLL
0x00007ff8b1db0000 - 0x00007ff8b1e22000 	C:\WINDOWS\System32\fwpuclnt.dll
0x00007ff8ba1b0000 - 0x00007ff8ba1d5000 	C:\WINDOWS\SYSTEM32\bcrypt.dll
0x00007ff8af770000 - 0x00007ff8af77a000 	C:\Windows\System32\rasadhlp.dll
0x00007ff8b7240000 - 0x00007ff8b7259000 	C:\Program Files\Java\jdk-12.0.1\bin\net.dll
0x00007ff8b6050000 - 0x00007ff8b612d000 	C:\WINDOWS\SYSTEM32\WINHTTP.dll
0x00007ff8b1e50000 - 0x00007ff8b2018000 	C:\WINDOWS\SYSTEM32\urlmon.dll
0x00007ff8b5c60000 - 0x00007ff8b5f06000 	C:\WINDOWS\SYSTEM32\iertutil.dll
0x00007ff8ba040000 - 0x00007ff8ba04b000 	C:\WINDOWS\SYSTEM32\CRYPTBASE.DLL
0x00007ff8b2360000 - 0x00007ff8b2373000 	C:\Program Files\Java\jdk-12.0.1\bin\nio.dll
0x00007ff8ba020000 - 0x00007ff8ba037000 	C:\WINDOWS\SYSTEM32\CRYPTSP.dll
0x00007ff8b9a50000 - 0x00007ff8b9a83000 	C:\WINDOWS\system32\rsaenh.dll
0x00007ff8ba550000 - 0x00007ff8ba578000 	C:\WINDOWS\SYSTEM32\USERENV.dll
0x00007ff8b3d90000 - 0x00007ff8b3da6000 	C:\WINDOWS\SYSTEM32\dhcpcsvc6.DLL
0x00007ff8b3d70000 - 0x00007ff8b3d8a000 	C:\WINDOWS\SYSTEM32\dhcpcsvc.DLL
0x00007ff8b7230000 - 0x00007ff8b723e000 	C:\Program Files\Java\jdk-12.0.1\bin\sunmscapi.dll
0x00007ff8bac90000 - 0x00007ff8bae72000 	C:\WINDOWS\System32\CRYPT32.dll
0x00007ff8ba650000 - 0x00007ff8ba662000 	C:\WINDOWS\System32\MSASN1.dll
0x00007ff8ba180000 - 0x00007ff8ba1a6000 	C:\WINDOWS\SYSTEM32\ncrypt.dll
0x00007ff8ba140000 - 0x00007ff8ba176000 	C:\WINDOWS\SYSTEM32\NTASN1.dll
0x00007ff8a6b90000 - 0x00007ff8a6bb7000 	C:\Program Files\Java\jdk-12.0.1\bin\sunec.dll
0x00007ff89a1e0000 - 0x00007ff89a1f6000 	C:\WINDOWS\system32\napinsp.dll
0x00007ff89a1c0000 - 0x00007ff89a1da000 	C:\WINDOWS\system32\pnrpnsp.dll
0x00007ff8b6ca0000 - 0x00007ff8b6cb9000 	C:\WINDOWS\system32\NLAapi.dll
0x00007ff89a1b0000 - 0x00007ff89a1be000 	C:\WINDOWS\System32\winrnr.dll
0x00007ff8b1400000 - 0x00007ff8b1415000 	C:\WINDOWS\System32\wshbth.dll

dbghelp: loaded successfully - version: 4.0.5 - missing functions: none
symbol engine: initialized successfully - sym options: 0x614 - pdb path: .;C:\Program Files\Java\jdk-12.0.1\bin;C:\WINDOWS\SYSTEM32;C:\Program Files\AVAST Software\Avast;C:\WINDOWS\WinSxS\amd64_microsoft.windows.common-controls_6595b64144ccf1df_6.0.17134.706_none_fb43a2cb30647007;C:\Program Files\Java\jdk-12.0.1\bin\server

VM Arguments:
jvm_args: -agentlib:jdwp=transport=dt_socket,suspend=y,address=localhost:60823 -ea -Dfile.encoding=Cp1252 
java_command: org.testng.remote.RemoteTestNG -serport 60822 -protocol json -d C:\Users\Danh Phan\eclipse-workspace\test-fiato\testing\test-output C:\Users\DANHPH~1\AppData\Local\Temp\testng-eclipse-97350782\testng-customsuite.xml
java_class_path (initial): C:\Users\Danh Phan\eclipse\jee-photon\eclipse\configuration\org.eclipse.osgi\1014\0\.cp\lib\testng-remote.jar;C:\Users\Danh Phan\eclipse-workspace\test-fiato\testing\target\test-classes;C:\Users\Danh Phan\eclipse-workspace\test-fiato\testing\target\classes;C:\Users\Danh Phan\.m2\repository\junit\junit\3.8.1\junit-3.8.1.jar;C:\Users\Danh Phan\.m2\repository\org\testng\testng\6.14.3\testng-6.14.3.jar;C:\Users\Danh Phan\.m2\repository\com\beust\jcommander\1.72\jcommander-1.72.jar;C:\Users\Danh Phan\.m2\repository\org\apache-extras\beanshell\bsh\2.0b6\bsh-2.0b6.jar;C:\Users\Danh Phan\.m2\repository\io\appium\java-client\7.0.0\java-client-7.0.0.jar;C:\Users\Danh Phan\.m2\repository\org\seleniumhq\selenium\selenium-java\3.141.59\selenium-java-3.141.59.jar;C:\Users\Danh Phan\.m2\repository\org\seleniumhq\selenium\selenium-chrome-driver\3.141.59\selenium-chrome-driver-3.141.59.jar;C:\Users\Danh Phan\.m2\repository\org\seleniumhq\selenium\selenium-edge-driver\3.141.59\selenium-edge-driver-3.141.59.jar;C:\Users\Danh Phan\.m2\repository\org\seleniumhq\selenium\selenium-firefox-driver\3.141.59\selenium-firefox-driver-3.141.59.jar;C:\Users\Danh Phan\.m2\repository\org\seleniumhq\selenium\selenium-ie-driver\3.141.59\selenium-ie-driver-3.141.59.jar;C:\Users\Danh Phan\.m2\repository\org\seleniumhq\selenium\selenium-opera-driver\3.141.59\selenium-opera-driver-3.141.59.jar;C:\Users\Danh Phan\.m2\repository\org\seleniumhq\selenium\selenium-remote-driver\3.141.59\selenium-remote-driver-3.141.59.jar;C:\Users\Danh Phan\.m2\repository\org\seleniumhq\selenium\selenium-safari-driver\3.141.59\selenium-safari-driver-3.141.59.jar;C:\Users\Danh Phan\.m2\repository\net\bytebuddy\byte-buddy\1.8.15\byte-buddy-1.8.15.jar;C:\Users\Danh Phan\.m2\repository\org\apache\commons\commons-exec\1.3\commons-exec-1.3.jar;C:\Users\Danh Phan\.m2\repository\com\google\guava\guava\25.0-jre\guava-25.0-jre.jar;C:\Users\Danh Phan\.m2\repository\com\google\code\findbugs\jsr305\1.3.9\jsr30
Launcher Type: SUN_STANDARD

[Global flags]
     intx CICompilerCount                          = 4                                         {product} {ergonomic}
     uint ConcGCThreads                            = 2                                         {product} {ergonomic}
     uint G1ConcRefinementThreads                  = 8                                         {product} {ergonomic}
   size_t G1HeapRegionSize                         = 1048576                                   {product} {ergonomic}
    uintx GCDrainStackTargetSize                   = 64                                        {product} {ergonomic}
   size_t InitialHeapSize                          = 268435456                                 {product} {ergonomic}
   size_t MarkStackSize                            = 4194304                                   {product} {ergonomic}
   size_t MaxHeapSize                              = 4273995776                                {product} {ergonomic}
   size_t MaxNewSize                               = 2563768320                                {product} {ergonomic}
   size_t MinHeapDeltaBytes                        = 1048576                                   {product} {ergonomic}
    uintx NonNMethodCodeHeapSize                   = 5836300                                {pd product} {ergonomic}
    uintx NonProfiledCodeHeapSize                  = 122910970                              {pd product} {ergonomic}
    uintx ProfiledCodeHeapSize                     = 122910970                              {pd product} {ergonomic}
    uintx ReservedCodeCacheSize                    = 251658240                              {pd product} {ergonomic}
     bool SegmentedCodeCache                       = true                                      {product} {ergonomic}
     bool UseCompressedClassPointers               = true                                 {lp64_product} {ergonomic}
     bool UseCompressedOops                        = true                                 {lp64_product} {ergonomic}
     bool UseG1GC                                  = true                                      {product} {ergonomic}
     bool UseLargePagesIndividualAllocation        = false                                  {pd product} {ergonomic}

Logging:
Log output configuration:
 #0: stdout all=warning uptime,level,tags
 #1: stderr all=off uptime,level,tags

Environment Variables:
JAVA_HOME=C:\Program Files\Java\jdk-12.0.1
PATH=C:/Program Files/Java/jdk-12.0.1/bin/server;C:/Program Files/Java/jdk-12.0.1/bin;C:\Program Files (x86)\Intel\iCLS Client\;C:\Program Files\Intel\iCLS Client\;C:\WINDOWS\system32;C:\WINDOWS;C:\WINDOWS\System32\Wbem;C:\WINDOWS\System32\WindowsPowerShell\v1.0\;C:\Program Files (x86)\Intel\Intel(R) Management Engine Components\DAL;C:\Program Files\Intel\Intel(R) Management Engine Components\DAL;C:\Program Files (x86)\Intel\Intel(R) Management Engine Components\IPT;C:\Program Files\Intel\Intel(R) Management Engine Components\IPT;C:\Program Files\TortoiseSVN\bin;C:\Program Files\Git\cmd;C:\Program Files\TortoiseGit\bin;C:\WINDOWS\System32\OpenSSH\;C:\Program Files (x86)\Windows Kits\10\Windows Performance Toolkit\;C:\Users\Danh Phan\.dnx\bin;C:\Program Files\Microsoft DNX\Dnvm\;C:\Program Files\Microsoft SQL Server\130\Tools\Binn\;C:\Program Files\Intel\WiFi\bin\;C:\Program Files\Common Files\Intel\WirelessCommon\;C:\Program Files\Java\jdk-12.0.1\bin;C:\Users\Danh Phan\AppData\Local\Android\Sdk\platform-tools;C:\Users\Danh Phan\AppData\Local\Android\Sdk\tools;C:\Users\Danh Phan\AppData\Local\Android\Sdk\tools\bin;C:\Users\Danh Phan\AppData\Local\Microsoft\WindowsApps;C:\Users\Danh Phan\AppData\Local\GitHubDesktop\bin;C:\Program Files\Java\jdk-12.0.1\bin;;C:\Users\Danh Phan\AppData\Roaming\Microsoft\Windows\Start Menu\Programs\Eclipse;
USERNAME=Danh Phan
OS=Windows_NT
PROCESSOR_IDENTIFIER=Intel64 Family 6 Model 158 Stepping 9, GenuineIntel



---------------  S Y S T E M  ---------------

OS: Windows 10 , 64 bit Build 17134 (10.0.17134.706)

CPU:total 8 (initial active 8) (4 cores per cpu, 2 threads per core) family 6 model 158 stepping 9, cmov, cx8, fxsr, mmx, sse, sse2, sse3, ssse3, sse4.1, sse4.2, popcnt, avx, avx2, aes, clmul, erms, rtm, 3dnowpref, lzcnt, ht, tsc, tscinvbit, bmi1, bmi2, adx, fma

Memory: 4k page, system-wide physical 16303M (5648M free)
TotalPageFile size 30513M (AvailPageFile size 13141M)
current process WorkingSet (physical memory assigned to process): 96M, peak: 99M
current process commit charge ("private bytes"): 376M, peak: 379M

vm_info: Java HotSpot(TM) 64-Bit Server VM (12.0.1+12) for windows-amd64 JRE (12.0.1+12), built on Apr  2 2019 14:02:19 by "mach5one" with MS VC++ 15.5 (VS2017)

END.
